<?xml version="1.0" encoding="utf-8"?><testsuites name="pytest tests"><testsuite name="pytest" errors="0" failures="0" skipped="0" tests="63" time="25.076" timestamp="2026-09-02T16:07:22.830601+02:00" hostname="FerPoratil"><properties>
[...]
</properties><testcase classname="tests.evaluation.test_dry_run" name="test_property_19_dry_run_makes_no_api_calls" time="0.261" /><testcase classname="tests.evaluation.test_dry_run" name="test_property_19_non_dry_run_calls_process_message" time="0.002" /><testcase classname="tests.evaluation.test_dry_run" name="test_property_19_dry_run_never_calls_process_message" time="0.306" /><testcase classname="tests.evaluation.test_dry_run" name="test_property_19_dry_run_vs_live_call_count" time="0.146" /><testcase classname="tests.evaluation.test_error_resilience" name="test_property_14_error_resilience" time="0.266" /><testcase classname="tests.evaluation.test_golden_set" name="test_property_1_valid_question_passes_validation" time="0.241" /><testcase classname="tests.evaluation.test_golden_set" name="test_property_1b_missing_field_causes_error" time="0.010" /><testcase classname="tests.evaluation.test_golden_set" name="test_property_1c_empty_field_causes_error" time="0.008" /><testcase classname="tests.evaluation.test_golden_set" name="test_property_2_sql_references_only_allowed_tables" time="0.162" /><testcase classname="tests.evaluation.test_golden_set" name="test_property_2b_sql_with_allowed_tables_passes_as_valid_question" time="0.151" /><testcase classname="tests.evaluation.test_retry" name="test_property_15_retry_on_rate_limit" time="0.011" /><testcase classname="tests.evaluation.test_retry" name="test_property_15_retry_exhausted_raises" time="0.002" /><testcase classname="tests.evaluation.test_retry" name="test_property_15_sleep_called_between_retries" time="0.008" /><testcase classname="tests.evaluation.test_retry" name="test_property_16_exponential_backoff" time="0.006" /><testcase classname="tests.evaluation.test_retry" name="test_property_16_backoff_exhausted_raises" time="0.002" /><testcase classname="tests.evaluation.test_retry" name="test_property_16_non_connection_error_not_retried" time="0.001" /><testcase classname="tests.evaluation.test_scoring" name="test_property_13_weighted_scoring_computation" time="0.465" /><testcase classname="tests.evaluation.test_scoring" name="test_property_13_pass_fail_threshold" time="0.472" /><testcase classname="tests.evaluation.test_txt_output" name="test_property_17_txt_contains_required_metadata" time="0.008" /><testcase classname="tests.evaluation.test_txt_output" name="test_property_17_txt_contains_golden_set_md5" time="0.004" /><testcase classname="tests.evaluation.test_txt_output" name="test_property_18_result_filename_pattern" time="0.006" /><testcase classname="tests.evaluation.test_txt_output" name="test_property_18_filename_starts_with_module" time="0.005" /><testcase classname="tests.evaluation.test_txt_output" name="test_property_18_filename_ends_with_txt" time="0.006" /><testcase classname="tests.evaluation.test_txt_output" name="test_property_18_filename_timestamp_is_valid_datetime" time="0.007" /><testcase classname="tests.test_database.TestDatabaseService" name="test_database_connection" time="0.002" /><testcase classname="tests.test_database.TestDatabaseService" name="test_query_execution" time="0.002" /><testcase classname="tests.test_database.TestDatabaseService" name="test_query_validation" time="0.001" /><testcase classname="tests.test_rag_components.TestParentChildChunker" name="test_chunk_document_creates_hierarchy" time="13.787" /><testcase classname="tests.test_rag_components.TestParentChildChunker" name="test_get_parent_for_child" time="0.001" /><testcase classname="tests.test_rag_components.TestSupabaseVectorStore" name="test_hybrid_search_calls_rpc" time="0.004" /><testcase classname="tests.test_rag_components.TestSupabaseVectorStore" name="test_vector_search_calls_rpc" time="0.003" /><testcase classname="tests.test_rag_components.TestSupabaseVectorStore" name="test_get_collection_stats" time="0.007" /><testcase classname="tests.test_rag_components.TestSupabaseVectorStore" name="test_delete_by_filename" time="0.005" /><testcase classname="tests.test_rag_components.TestReranker" name="test_rerank_returns_original_when_unavailable" time="0.002" /><testcase classname="tests.test_rag_components.TestReranker" name="test_rerank_respects_top_k" time="0.002" /><testcase classname="tests.test_system.TestImports" name="test_config_imports" time="0.260" /><testcase classname="tests.test_system.TestImports" name="test_rag_service_imports" time="0.001" /><testcase classname="tests.test_system.TestImports" name="test_visualization_imports" time="1.926" /><testcase classname="tests.test_system.TestVisualizationAgent" name="test_initialization" time="0.001" /><testcase classname="tests.test_system.TestVisualizationAgent" name="test_get_performance_stats" time="0.001" /><testcase classname="tests.test_system.TestVisualizationHandler" name="test_initialization" time="0.001" /><testcase classname="tests.test_system.TestVisualizationHandler" name="test_process_empty_response" time="0.001" /><testcase classname="tests.test_system.TestDatabaseTool" name="test_tool_imports" time="0.829" /><testcase classname="tests.test_system.TestRAGTool" name="test_tool_imports" time="0.001" /><testcase classname="tests.test_visualization_security" name="test_timeseries_aliases_use_parameterized_plotter[timeline]" time="0.313" /><testcase classname="tests.test_visualization_security" name="test_timeseries_aliases_use_parameterized_plotter[line]" time="0.028" /><testcase classname="tests.test_visualization_security" name="test_timeseries_aliases_use_parameterized_plotter[trend]" time="0.030" /><testcase classname="tests.test_visualization_security" name="test_timeseries_aliases_use_parameterized_plotter[timeseries]" time="0.029" /><testcase classname="tests.test_visualization_security" name="test_comparison_supports_multiple_validated_metrics" time="0.031" /><testcase classname="tests.test_visualization_security" name="test_bar_supports_preaggregated_category_values" time="0.029" /><testcase classname="tests.test_visualization_security" name="test_bar_supports_deterministic_frequency_counts" time="0.027" /><testcase classname="tests.test_visualization_security" name="test_bar_supports_numeric_values_against_the_row_index" time="0.027" /><testcase classname="tests.test_visualization_security" name="test_distribution_aliases_use_histogram[histogram]" time="0.026" /><testcase classname="tests.test_visualization_security" name="test_distribution_aliases_use_histogram[distribution]" time="0.031" /><testcase classname="tests.test_visualization_security" name="test_categorical_distribution_uses_frequency_bars" time="0.029" /><testcase classname="tests.test_visualization_security" name="test_non_allowlisted_types_fail_closed[scatter]" time="0.002" /><testcase classname="tests.test_visualization_security" name="test_non_allowlisted_types_fail_closed[3d_scatter]" time="0.001" /><testcase classname="tests.test_visualization_security" name="test_non_allowlisted_types_fail_closed[sankey]" time="0.001" /><testcase classname="tests.test_visualization_security" name="test_non_allowlisted_types_fail_closed[custom]" time="0.001" /><testcase classname="tests.test_visualization_security" name="test_model_supplied_python_is_never_executed" time="0.015" /><testcase classname="tests.test_visualization_security" name="test_requested_columns_and_parameter_sizes_are_validated" time="0.004" /><testcase classname="tests.test_visualization_security" name="test_runtime_has_no_dynamic_execution_calls" time="0.042" /><testcase classname="tests.test_visualization_security" name="test_visualization_agent_has_no_llm_code_generation_path" time="0.001" /></testsuite></testsuites>