COMMAND: conda run -n HCE python -m pytest --durations=0 --junitxml=docs/baseline/raw/pytest-junit.xml
START: 2026-08-31T17:18:07+02:00
WORKDIR: C:\Users\ferna\.ao\data\worktrees\hce-analyzer\hce-analyzer-3
============================= test session starts =============================
platform win32 -- Python 3.11.14, pytest-9.0.2, pluggy-1.6.0 -- C:\Users\ferna\anaconda3\envs\HCE\python.exe
cachedir: .pytest_cache
hypothesis profile 'default'
rootdir: C:\Users\ferna\.ao\data\worktrees\hce-analyzer\hce-analyzer-3
configfile: pytest.ini
testpaths: tests
plugins: anyio-4.12.1, Faker-40.1.2, hypothesis-6.151.9, langsmith-0.6.7, asyncio-1.3.0, timeout-2.4.0
asyncio: mode=Mode.AUTO, debug=False, asyncio_default_fixture_loop_scope=None, asyncio_default_test_loop_scope=function
collecting ... collected 44 items

tests/evaluation/test_dry_run.py::test_property_19_dry_run_makes_no_api_calls PASSED [  2%]
tests/evaluation/test_dry_run.py::test_property_19_non_dry_run_calls_process_message PASSED [  4%]
tests/evaluation/test_dry_run.py::test_property_19_dry_run_never_calls_process_message PASSED [  6%]
tests/evaluation/test_dry_run.py::test_property_19_dry_run_vs_live_call_count PASSED [  9%]
tests/evaluation/test_error_resilience.py::test_property_14_error_resilience PASSED [ 11%]
tests/evaluation/test_golden_set.py::test_property_1_valid_question_passes_validation PASSED [ 13%]
tests/evaluation/test_golden_set.py::test_property_1b_missing_field_causes_error PASSED [ 15%]
tests/evaluation/test_golden_set.py::test_property_1c_empty_field_causes_error PASSED [ 18%]
tests/evaluation/test_golden_set.py::test_property_2_sql_references_only_allowed_tables PASSED [ 20%]
tests/evaluation/test_golden_set.py::test_property_2b_sql_with_allowed_tables_passes_as_valid_question PASSED [ 22%]
tests/evaluation/test_retry.py::test_property_15_retry_on_rate_limit PASSED [ 25%]
tests/evaluation/test_retry.py::test_property_15_retry_exhausted_raises PASSED [ 27%]
tests/evaluation/test_retry.py::test_property_15_sleep_called_between_retries PASSED [ 29%]
tests/evaluation/test_retry.py::test_property_16_exponential_backoff PASSED [ 31%]
tests/evaluation/test_retry.py::test_property_16_backoff_exhausted_raises PASSED [ 34%]
tests/evaluation/test_retry.py::test_property_16_non_connection_error_not_retried PASSED [ 36%]
tests/evaluation/test_scoring.py::test_property_13_weighted_scoring_computation PASSED [ 38%]
tests/evaluation/test_scoring.py::test_property_13_pass_fail_threshold PASSED [ 40%]
tests/evaluation/test_txt_output.py::test_property_17_txt_contains_required_metadata PASSED [ 43%]
tests/evaluation/test_txt_output.py::test_property_17_txt_contains_golden_set_md5 PASSED [ 45%]
tests/evaluation/test_txt_output.py::test_property_18_result_filename_pattern PASSED [ 47%]
tests/evaluation/test_txt_output.py::test_property_18_filename_starts_with_module PASSED [ 50%]
tests/evaluation/test_txt_output.py::test_property_18_filename_ends_with_txt PASSED [ 52%]
tests/evaluation/test_txt_output.py::test_property_18_filename_timestamp_is_valid_datetime PASSED [ 54%]
tests/test_database.py::TestDatabaseService::test_database_connection PASSED [ 56%]
tests/test_database.py::TestDatabaseService::test_query_execution PASSED [ 59%]
tests/test_database.py::TestDatabaseService::test_query_validation PASSED [ 61%]
tests/test_rag_components.py::TestParentChildChunker::test_chunk_document_creates_hierarchy FAILED [ 63%]
tests/test_rag_components.py::TestParentChildChunker::test_get_parent_for_child FAILED [ 65%]
tests/test_rag_components.py::TestSupabaseVectorStore::test_hybrid_search_calls_rpc ERROR [ 68%]
tests/test_rag_components.py::TestSupabaseVectorStore::test_vector_search_calls_rpc ERROR [ 70%]
tests/test_rag_components.py::TestSupabaseVectorStore::test_get_collection_stats ERROR [ 72%]
tests/test_rag_components.py::TestSupabaseVectorStore::test_delete_by_filename ERROR [ 75%]
tests/test_rag_components.py::TestReranker::test_rerank_returns_original_when_unavailable FAILED [ 77%]
tests/test_rag_components.py::TestReranker::test_rerank_respects_top_k FAILED [ 79%]
tests/test_system.py::TestImports::test_config_imports FAILED            [ 81%]
tests/test_system.py::TestImports::test_rag_service_imports FAILED       [ 84%]
tests/test_system.py::TestImports::test_visualization_imports FAILED     [ 86%]
tests/test_system.py::TestVisualizationAgent::test_initialization FAILED [ 88%]
tests/test_system.py::TestVisualizationAgent::test_get_performance_stats FAILED [ 90%]
tests/test_system.py::TestVisualizationHandler::test_initialization FAILED [ 93%]
tests/test_system.py::TestVisualizationHandler::test_process_empty_response FAILED [ 95%]
tests/test_system.py::TestDatabaseTool::test_tool_imports FAILED         [ 97%]
tests/test_system.py::TestRAGTool::test_tool_imports FAILED              [100%]

=================================== ERRORS ====================================
___ ERROR at setup of TestSupabaseVectorStore.test_hybrid_search_calls_rpc ____
tests\test_rag_components.py:58: in mock_store
    with patch('services.rag.supabase_vector_store.create_client') as mock_create:
C:\Users\ferna\anaconda3\envs\HCE\Lib\unittest\mock.py:1430: in __enter__
    self.target = self.getter()
                  ^^^^^^^^^^^^^
C:\Users\ferna\anaconda3\envs\HCE\Lib\pkgutil.py:700: in resolve_name
    mod = importlib.import_module(modname)
          ^^^^^^^^^^^^^^^^^^^^^^^^^^^^^^^^
C:\Users\ferna\anaconda3\envs\HCE\Lib\importlib\__init__.py:126: in import_module
    return _bootstrap._gcd_import(name[level:], package, level)
           ^^^^^^^^^^^^^^^^^^^^^^^^^^^^^^^^^^^^^^^^^^^^^^^^^^^^
<frozen importlib._bootstrap>:1204: in _gcd_import
    ???
<frozen importlib._bootstrap>:1176: in _find_and_load
    ???
<frozen importlib._bootstrap>:1147: in _find_and_load_unlocked
    ???
<frozen importlib._bootstrap>:690: in _load_unlocked
    ???
<frozen importlib._bootstrap_external>:940: in exec_module
    ???
<frozen importlib._bootstrap>:241: in _call_with_frames_removed
    ???
services\__init__.py:3: in <module>
    from .cache_manager import cache_manager, CacheManager
services\cache_manager.py:18: in <module>
    from config.settings import settings
config\__init__.py:3: in <module>
    from .settings import settings
config\settings.py:469: in <module>
    class Settings(BaseSettings):
config\settings.py:480: in Settings
    database: DatabaseSettings = DatabaseSettings()
                                 ^^^^^^^^^^^^^^^^^^
C:\Users\ferna\anaconda3\envs\HCE\Lib\site-packages\pydantic_settings\main.py:194: in __init__
    super().__init__(
E   pydantic_core._pydantic_core.ValidationError: 2 validation errors for DatabaseSettings
E   supabase_url
E     Field required [type=missing, input_value={}, input_type=dict]
E       For further information visit https://errors.pydantic.dev/2.12/v/missing
E   supabase_key
E     Field required [type=missing, input_value={}, input_type=dict]
E       For further information visit https://errors.pydantic.dev/2.12/v/missing
___ ERROR at setup of TestSupabaseVectorStore.test_vector_search_calls_rpc ____
tests\test_rag_components.py:58: in mock_store
    with patch('services.rag.supabase_vector_store.create_client') as mock_create:
C:\Users\ferna\anaconda3\envs\HCE\Lib\unittest\mock.py:1430: in __enter__
    self.target = self.getter()
                  ^^^^^^^^^^^^^
C:\Users\ferna\anaconda3\envs\HCE\Lib\pkgutil.py:700: in resolve_name
    mod = importlib.import_module(modname)
          ^^^^^^^^^^^^^^^^^^^^^^^^^^^^^^^^
C:\Users\ferna\anaconda3\envs\HCE\Lib\importlib\__init__.py:126: in import_module
    return _bootstrap._gcd_import(name[level:], package, level)
           ^^^^^^^^^^^^^^^^^^^^^^^^^^^^^^^^^^^^^^^^^^^^^^^^^^^^
<frozen importlib._bootstrap>:1204: in _gcd_import
    ???
<frozen importlib._bootstrap>:1176: in _find_and_load
    ???
<frozen importlib._bootstrap>:1147: in _find_and_load_unlocked
    ???
<frozen importlib._bootstrap>:690: in _load_unlocked
    ???
<frozen importlib._bootstrap_external>:940: in exec_module
    ???
<frozen importlib._bootstrap>:241: in _call_with_frames_removed
    ???
services\__init__.py:3: in <module>
    from .cache_manager import cache_manager, CacheManager
services\cache_manager.py:18: in <module>
    from config.settings import settings
config\__init__.py:3: in <module>
    from .settings import settings
config\settings.py:469: in <module>
    class Settings(BaseSettings):
config\settings.py:480: in Settings
    database: DatabaseSettings = DatabaseSettings()
                                 ^^^^^^^^^^^^^^^^^^
C:\Users\ferna\anaconda3\envs\HCE\Lib\site-packages\pydantic_settings\main.py:194: in __init__
    super().__init__(
E   pydantic_core._pydantic_core.ValidationError: 2 validation errors for DatabaseSettings
E   supabase_url
E     Field required [type=missing, input_value={}, input_type=dict]
E       For further information visit https://errors.pydantic.dev/2.12/v/missing
E   supabase_key
E     Field required [type=missing, input_value={}, input_type=dict]
E       For further information visit https://errors.pydantic.dev/2.12/v/missing
_____ ERROR at setup of TestSupabaseVectorStore.test_get_collection_stats _____
tests\test_rag_components.py:58: in mock_store
    with patch('services.rag.supabase_vector_store.create_client') as mock_create:
C:\Users\ferna\anaconda3\envs\HCE\Lib\unittest\mock.py:1430: in __enter__
    self.target = self.getter()
                  ^^^^^^^^^^^^^
C:\Users\ferna\anaconda3\envs\HCE\Lib\pkgutil.py:700: in resolve_name
    mod = importlib.import_module(modname)
          ^^^^^^^^^^^^^^^^^^^^^^^^^^^^^^^^
C:\Users\ferna\anaconda3\envs\HCE\Lib\importlib\__init__.py:126: in import_module
    return _bootstrap._gcd_import(name[level:], package, level)
           ^^^^^^^^^^^^^^^^^^^^^^^^^^^^^^^^^^^^^^^^^^^^^^^^^^^^
<frozen importlib._bootstrap>:1204: in _gcd_import
    ???
<frozen importlib._bootstrap>:1176: in _find_and_load
    ???
<frozen importlib._bootstrap>:1147: in _find_and_load_unlocked
    ???
<frozen importlib._bootstrap>:690: in _load_unlocked
    ???
<frozen importlib._bootstrap_external>:940: in exec_module
    ???
<frozen importlib._bootstrap>:241: in _call_with_frames_removed
    ???
services\__init__.py:3: in <module>
    from .cache_manager import cache_manager, CacheManager
services\cache_manager.py:18: in <module>
    from config.settings import settings
config\__init__.py:3: in <module>
    from .settings import settings
config\settings.py:469: in <module>
    class Settings(BaseSettings):
config\settings.py:480: in Settings
    database: DatabaseSettings = DatabaseSettings()
                                 ^^^^^^^^^^^^^^^^^^
C:\Users\ferna\anaconda3\envs\HCE\Lib\site-packages\pydantic_settings\main.py:194: in __init__
    super().__init__(
E   pydantic_core._pydantic_core.ValidationError: 2 validation errors for DatabaseSettings
E   supabase_url
E     Field required [type=missing, input_value={}, input_type=dict]
E       For further information visit https://errors.pydantic.dev/2.12/v/missing
E   supabase_key
E     Field required [type=missing, input_value={}, input_type=dict]
E       For further information visit https://errors.pydantic.dev/2.12/v/missing
______ ERROR at setup of TestSupabaseVectorStore.test_delete_by_filename ______
tests\test_rag_components.py:58: in mock_store
    with patch('services.rag.supabase_vector_store.create_client') as mock_create:
C:\Users\ferna\anaconda3\envs\HCE\Lib\unittest\mock.py:1430: in __enter__
    self.target = self.getter()
                  ^^^^^^^^^^^^^
C:\Users\ferna\anaconda3\envs\HCE\Lib\pkgutil.py:700: in resolve_name
    mod = importlib.import_module(modname)
          ^^^^^^^^^^^^^^^^^^^^^^^^^^^^^^^^
C:\Users\ferna\anaconda3\envs\HCE\Lib\importlib\__init__.py:126: in import_module
    return _bootstrap._gcd_import(name[level:], package, level)
           ^^^^^^^^^^^^^^^^^^^^^^^^^^^^^^^^^^^^^^^^^^^^^^^^^^^^
<frozen importlib._bootstrap>:1204: in _gcd_import
    ???
<frozen importlib._bootstrap>:1176: in _find_and_load
    ???
<frozen importlib._bootstrap>:1147: in _find_and_load_unlocked
    ???
<frozen importlib._bootstrap>:690: in _load_unlocked
    ???
<frozen importlib._bootstrap_external>:940: in exec_module
    ???
<frozen importlib._bootstrap>:241: in _call_with_frames_removed
    ???
services\__init__.py:3: in <module>
    from .cache_manager import cache_manager, CacheManager
services\cache_manager.py:18: in <module>
    from config.settings import settings
config\__init__.py:3: in <module>
    from .settings import settings
config\settings.py:469: in <module>
    class Settings(BaseSettings):
config\settings.py:480: in Settings
    database: DatabaseSettings = DatabaseSettings()
                                 ^^^^^^^^^^^^^^^^^^
C:\Users\ferna\anaconda3\envs\HCE\Lib\site-packages\pydantic_settings\main.py:194: in __init__
    super().__init__(
E   pydantic_core._pydantic_core.ValidationError: 2 validation errors for DatabaseSettings
E   supabase_url
E     Field required [type=missing, input_value={}, input_type=dict]
E       For further information visit https://errors.pydantic.dev/2.12/v/missing
E   supabase_key
E     Field required [type=missing, input_value={}, input_type=dict]
E       For further information visit https://errors.pydantic.dev/2.12/v/missing
================================== FAILURES ===================================
________ TestParentChildChunker.test_chunk_document_creates_hierarchy _________
tests\test_rag_components.py:15: in test_chunk_document_creates_hierarchy
    from services.rag.parent_child_chunker import ParentChildChunker
services\__init__.py:3: in <module>
    from .cache_manager import cache_manager, CacheManager
services\cache_manager.py:18: in <module>
    from config.settings import settings
config\__init__.py:3: in <module>
    from .settings import settings
config\settings.py:469: in <module>
    class Settings(BaseSettings):
config\settings.py:480: in Settings
    database: DatabaseSettings = DatabaseSettings()
                                 ^^^^^^^^^^^^^^^^^^
C:\Users\ferna\anaconda3\envs\HCE\Lib\site-packages\pydantic_settings\main.py:194: in __init__
    super().__init__(
E   pydantic_core._pydantic_core.ValidationError: 2 validation errors for DatabaseSettings
E   supabase_url
E     Field required [type=missing, input_value={}, input_type=dict]
E       For further information visit https://errors.pydantic.dev/2.12/v/missing
E   supabase_key
E     Field required [type=missing, input_value={}, input_type=dict]
E       For further information visit https://errors.pydantic.dev/2.12/v/missing
______________ TestParentChildChunker.test_get_parent_for_child _______________
tests\test_rag_components.py:34: in test_get_parent_for_child
    from services.rag.parent_child_chunker import ParentChildChunker
services\__init__.py:3: in <module>
    from .cache_manager import cache_manager, CacheManager
services\cache_manager.py:18: in <module>
    from config.settings import settings
config\__init__.py:3: in <module>
    from .settings import settings
config\settings.py:469: in <module>
    class Settings(BaseSettings):
config\settings.py:480: in Settings
    database: DatabaseSettings = DatabaseSettings()
                                 ^^^^^^^^^^^^^^^^^^
C:\Users\ferna\anaconda3\envs\HCE\Lib\site-packages\pydantic_settings\main.py:194: in __init__
    super().__init__(
E   pydantic_core._pydantic_core.ValidationError: 2 validation errors for DatabaseSettings
E   supabase_url
E     Field required [type=missing, input_value={}, input_type=dict]
E       For further information visit https://errors.pydantic.dev/2.12/v/missing
E   supabase_key
E     Field required [type=missing, input_value={}, input_type=dict]
E       For further information visit https://errors.pydantic.dev/2.12/v/missing
_________ TestReranker.test_rerank_returns_original_when_unavailable __________
tests\test_rag_components.py:197: in test_rerank_returns_original_when_unavailable
    from services.rag.reranker import Reranker
services\__init__.py:3: in <module>
    from .cache_manager import cache_manager, CacheManager
services\cache_manager.py:18: in <module>
    from config.settings import settings
config\__init__.py:3: in <module>
    from .settings import settings
config\settings.py:469: in <module>
    class Settings(BaseSettings):
config\settings.py:480: in Settings
    database: DatabaseSettings = DatabaseSettings()
                                 ^^^^^^^^^^^^^^^^^^
C:\Users\ferna\anaconda3\envs\HCE\Lib\site-packages\pydantic_settings\main.py:194: in __init__
    super().__init__(
E   pydantic_core._pydantic_core.ValidationError: 2 validation errors for DatabaseSettings
E   supabase_url
E     Field required [type=missing, input_value={}, input_type=dict]
E       For further information visit https://errors.pydantic.dev/2.12/v/missing
E   supabase_key
E     Field required [type=missing, input_value={}, input_type=dict]
E       For further information visit https://errors.pydantic.dev/2.12/v/missing
___________________ TestReranker.test_rerank_respects_top_k ___________________
tests\test_rag_components.py:210: in test_rerank_respects_top_k
    from services.rag.reranker import Reranker
services\__init__.py:3: in <module>
    from .cache_manager import cache_manager, CacheManager
services\cache_manager.py:18: in <module>
    from config.settings import settings
config\__init__.py:3: in <module>
    from .settings import settings
config\settings.py:469: in <module>
    class Settings(BaseSettings):
config\settings.py:480: in Settings
    database: DatabaseSettings = DatabaseSettings()
                                 ^^^^^^^^^^^^^^^^^^
C:\Users\ferna\anaconda3\envs\HCE\Lib\site-packages\pydantic_settings\main.py:194: in __init__
    super().__init__(
E   pydantic_core._pydantic_core.ValidationError: 2 validation errors for DatabaseSettings
E   supabase_url
E     Field required [type=missing, input_value={}, input_type=dict]
E       For further information visit https://errors.pydantic.dev/2.12/v/missing
E   supabase_key
E     Field required [type=missing, input_value={}, input_type=dict]
E       For further information visit https://errors.pydantic.dev/2.12/v/missing
_______________________ TestImports.test_config_imports _______________________
tests\test_system.py:15: in test_config_imports
    from config.settings import settings
config\__init__.py:3: in <module>
    from .settings import settings
config\settings.py:469: in <module>
    class Settings(BaseSettings):
config\settings.py:480: in Settings
    database: DatabaseSettings = DatabaseSettings()
                                 ^^^^^^^^^^^^^^^^^^
C:\Users\ferna\anaconda3\envs\HCE\Lib\site-packages\pydantic_settings\main.py:194: in __init__
    super().__init__(
E   pydantic_core._pydantic_core.ValidationError: 2 validation errors for DatabaseSettings
E   supabase_url
E     Field required [type=missing, input_value={}, input_type=dict]
E       For further information visit https://errors.pydantic.dev/2.12/v/missing
E   supabase_key
E     Field required [type=missing, input_value={}, input_type=dict]
E       For further information visit https://errors.pydantic.dev/2.12/v/missing
____________________ TestImports.test_rag_service_imports _____________________
tests\test_system.py:23: in test_rag_service_imports
    from services.rag.parent_child_chunker import ParentChildChunker
services\__init__.py:3: in <module>
    from .cache_manager import cache_manager, CacheManager
services\cache_manager.py:18: in <module>
    from config.settings import settings
config\__init__.py:3: in <module>
    from .settings import settings
config\settings.py:469: in <module>
    class Settings(BaseSettings):
config\settings.py:480: in Settings
    database: DatabaseSettings = DatabaseSettings()
                                 ^^^^^^^^^^^^^^^^^^
C:\Users\ferna\anaconda3\envs\HCE\Lib\site-packages\pydantic_settings\main.py:194: in __init__
    super().__init__(
E   pydantic_core._pydantic_core.ValidationError: 2 validation errors for DatabaseSettings
E   supabase_url
E     Field required [type=missing, input_value={}, input_type=dict]
E       For further information visit https://errors.pydantic.dev/2.12/v/missing
E   supabase_key
E     Field required [type=missing, input_value={}, input_type=dict]
E       For further information visit https://errors.pydantic.dev/2.12/v/missing
___________________ TestImports.test_visualization_imports ____________________
tests\test_system.py:33: in test_visualization_imports
    from services.medical_agent.visualization_agent import VisualizationAgent
services\__init__.py:3: in <module>
    from .cache_manager import cache_manager, CacheManager
services\cache_manager.py:18: in <module>
    from config.settings import settings
config\__init__.py:3: in <module>
    from .settings import settings
config\settings.py:469: in <module>
    class Settings(BaseSettings):
config\settings.py:480: in Settings
    database: DatabaseSettings = DatabaseSettings()
                                 ^^^^^^^^^^^^^^^^^^
C:\Users\ferna\anaconda3\envs\HCE\Lib\site-packages\pydantic_settings\main.py:194: in __init__
    super().__init__(
E   pydantic_core._pydantic_core.ValidationError: 2 validation errors for DatabaseSettings
E   supabase_url
E     Field required [type=missing, input_value={}, input_type=dict]
E       For further information visit https://errors.pydantic.dev/2.12/v/missing
E   supabase_key
E     Field required [type=missing, input_value={}, input_type=dict]
E       For further information visit https://errors.pydantic.dev/2.12/v/missing
_________________ TestVisualizationAgent.test_initialization __________________
tests\test_system.py:45: in test_initialization
    from services.medical_agent.visualization_agent import VisualizationAgent
services\__init__.py:3: in <module>
    from .cache_manager import cache_manager, CacheManager
services\cache_manager.py:18: in <module>
    from config.settings import settings
config\__init__.py:3: in <module>
    from .settings import settings
config\settings.py:469: in <module>
    class Settings(BaseSettings):
config\settings.py:480: in Settings
    database: DatabaseSettings = DatabaseSettings()
                                 ^^^^^^^^^^^^^^^^^^
C:\Users\ferna\anaconda3\envs\HCE\Lib\site-packages\pydantic_settings\main.py:194: in __init__
    super().__init__(
E   pydantic_core._pydantic_core.ValidationError: 2 validation errors for DatabaseSettings
E   supabase_url
E     Field required [type=missing, input_value={}, input_type=dict]
E       For further information visit https://errors.pydantic.dev/2.12/v/missing
E   supabase_key
E     Field required [type=missing, input_value={}, input_type=dict]
E       For further information visit https://errors.pydantic.dev/2.12/v/missing
______________ TestVisualizationAgent.test_get_performance_stats ______________
tests\test_system.py:53: in test_get_performance_stats
    from services.medical_agent.visualization_agent import VisualizationAgent
services\__init__.py:3: in <module>
    from .cache_manager import cache_manager, CacheManager
services\cache_manager.py:18: in <module>
    from config.settings import settings
config\__init__.py:3: in <module>
    from .settings import settings
config\settings.py:469: in <module>
    class Settings(BaseSettings):
config\settings.py:480: in Settings
    database: DatabaseSettings = DatabaseSettings()
                                 ^^^^^^^^^^^^^^^^^^
C:\Users\ferna\anaconda3\envs\HCE\Lib\site-packages\pydantic_settings\main.py:194: in __init__
    super().__init__(
E   pydantic_core._pydantic_core.ValidationError: 2 validation errors for DatabaseSettings
E   supabase_url
E     Field required [type=missing, input_value={}, input_type=dict]
E       For further information visit https://errors.pydantic.dev/2.12/v/missing
E   supabase_key
E     Field required [type=missing, input_value={}, input_type=dict]
E       For further information visit https://errors.pydantic.dev/2.12/v/missing
________________ TestVisualizationHandler.test_initialization _________________
tests\test_system.py:67: in test_initialization
    from services.medical_agent.visualization_handler import VisualizationHandler
services\__init__.py:3: in <module>
    from .cache_manager import cache_manager, CacheManager
services\cache_manager.py:18: in <module>
    from config.settings import settings
config\__init__.py:3: in <module>
    from .settings import settings
config\settings.py:469: in <module>
    class Settings(BaseSettings):
config\settings.py:480: in Settings
    database: DatabaseSettings = DatabaseSettings()
                                 ^^^^^^^^^^^^^^^^^^
C:\Users\ferna\anaconda3\envs\HCE\Lib\site-packages\pydantic_settings\main.py:194: in __init__
    super().__init__(
E   pydantic_core._pydantic_core.ValidationError: 2 validation errors for DatabaseSettings
E   supabase_url
E     Field required [type=missing, input_value={}, input_type=dict]
E       For further information visit https://errors.pydantic.dev/2.12/v/missing
E   supabase_key
E     Field required [type=missing, input_value={}, input_type=dict]
E       For further information visit https://errors.pydantic.dev/2.12/v/missing
____________ TestVisualizationHandler.test_process_empty_response _____________
tests\test_system.py:74: in test_process_empty_response
    from services.medical_agent.visualization_handler import VisualizationHandler
services\__init__.py:3: in <module>
    from .cache_manager import cache_manager, CacheManager
services\cache_manager.py:18: in <module>
    from config.settings import settings
config\__init__.py:3: in <module>
    from .settings import settings
config\settings.py:469: in <module>
    class Settings(BaseSettings):
config\settings.py:480: in Settings
    database: DatabaseSettings = DatabaseSettings()
                                 ^^^^^^^^^^^^^^^^^^
C:\Users\ferna\anaconda3\envs\HCE\Lib\site-packages\pydantic_settings\main.py:194: in __init__
    super().__init__(
E   pydantic_core._pydantic_core.ValidationError: 2 validation errors for DatabaseSettings
E   supabase_url
E     Field required [type=missing, input_value={}, input_type=dict]
E       For further information visit https://errors.pydantic.dev/2.12/v/missing
E   supabase_key
E     Field required [type=missing, input_value={}, input_type=dict]
E       For further information visit https://errors.pydantic.dev/2.12/v/missing
_____________________ TestDatabaseTool.test_tool_imports ______________________
tests\test_system.py:87: in test_tool_imports
    from services.unified_chat.tools.database_tool import DatabaseTool
services\__init__.py:3: in <module>
    from .cache_manager import cache_manager, CacheManager
services\cache_manager.py:18: in <module>
    from config.settings import settings
config\__init__.py:3: in <module>
    from .settings import settings
config\settings.py:469: in <module>
    class Settings(BaseSettings):
config\settings.py:480: in Settings
    database: DatabaseSettings = DatabaseSettings()
                                 ^^^^^^^^^^^^^^^^^^
C:\Users\ferna\anaconda3\envs\HCE\Lib\site-packages\pydantic_settings\main.py:194: in __init__
    super().__init__(
E   pydantic_core._pydantic_core.ValidationError: 2 validation errors for DatabaseSettings
E   supabase_url
E     Field required [type=missing, input_value={}, input_type=dict]
E       For further information visit https://errors.pydantic.dev/2.12/v/missing
E   supabase_key
E     Field required [type=missing, input_value={}, input_type=dict]
E       For further information visit https://errors.pydantic.dev/2.12/v/missing
________________________ TestRAGTool.test_tool_imports ________________________
tests\test_system.py:96: in test_tool_imports
    from services.unified_chat.tools.rag_tool import RAGTool
services\__init__.py:3: in <module>
    from .cache_manager import cache_manager, CacheManager
services\cache_manager.py:18: in <module>
    from config.settings import settings
config\__init__.py:3: in <module>
    from .settings import settings
config\settings.py:469: in <module>
    class Settings(BaseSettings):
config\settings.py:480: in Settings
    database: DatabaseSettings = DatabaseSettings()
                                 ^^^^^^^^^^^^^^^^^^
C:\Users\ferna\anaconda3\envs\HCE\Lib\site-packages\pydantic_settings\main.py:194: in __init__
    super().__init__(
E   pydantic_core._pydantic_core.ValidationError: 2 validation errors for DatabaseSettings
E   supabase_url
E     Field required [type=missing, input_value={}, input_type=dict]
E       For further information visit https://errors.pydantic.dev/2.12/v/missing
E   supabase_key
E     Field required [type=missing, input_value={}, input_type=dict]
E       For further information visit https://errors.pydantic.dev/2.12/v/missing
- generated xml file: C:\Users\ferna\.ao\data\worktrees\hce-analyzer\hce-analyzer-3\docs\baseline\raw\pytest-junit.xml -
============================== slowest durations ==============================
1.21s call     tests/evaluation/test_dry_run.py::test_property_19_dry_run_never_calls_process_message
0.18s call     tests/evaluation/test_scoring.py::test_property_13_pass_fail_threshold
0.18s call     tests/evaluation/test_scoring.py::test_property_13_weighted_scoring_computation
0.14s call     tests/evaluation/test_golden_set.py::test_property_2b_sql_with_allowed_tables_passes_as_valid_question
0.11s call     tests/test_rag_components.py::TestParentChildChunker::test_chunk_document_creates_hierarchy
0.11s call     tests/evaluation/test_error_resilience.py::test_property_14_error_resilience
0.10s call     tests/evaluation/test_golden_set.py::test_property_1_valid_question_passes_validation
0.09s setup    tests/evaluation/test_dry_run.py::test_property_19_dry_run_makes_no_api_calls
0.09s call     tests/evaluation/test_golden_set.py::test_property_2_sql_references_only_allowed_tables
0.08s call     tests/evaluation/test_dry_run.py::test_property_19_dry_run_vs_live_call_count
0.02s setup    tests/test_rag_components.py::TestSupabaseVectorStore::test_hybrid_search_calls_rpc
0.02s call     tests/test_system.py::TestVisualizationAgent::test_get_performance_stats
0.02s call     tests/test_rag_components.py::TestParentChildChunker::test_get_parent_for_child
0.02s call     tests/test_rag_components.py::TestReranker::test_rerank_returns_original_when_unavailable
0.02s setup    tests/test_rag_components.py::TestSupabaseVectorStore::test_vector_search_calls_rpc
0.02s call     tests/test_system.py::TestDatabaseTool::test_tool_imports
0.02s call     tests/test_system.py::TestRAGTool::test_tool_imports
0.02s call     tests/test_system.py::TestImports::test_rag_service_imports
0.02s call     tests/test_system.py::TestVisualizationAgent::test_initialization
0.01s call     tests/test_system.py::TestImports::test_visualization_imports
0.01s call     tests/test_system.py::TestVisualizationHandler::test_initialization
0.01s call     tests/test_system.py::TestVisualizationHandler::test_process_empty_response
0.01s setup    tests/test_rag_components.py::TestSupabaseVectorStore::test_get_collection_stats
0.01s setup    tests/test_rag_components.py::TestSupabaseVectorStore::test_delete_by_filename
0.01s call     tests/test_rag_components.py::TestReranker::test_rerank_respects_top_k
0.01s call     tests/test_system.py::TestImports::test_config_imports
0.01s call     tests/evaluation/test_txt_output.py::test_property_17_txt_contains_golden_set_md5
0.01s call     tests/evaluation/test_txt_output.py::test_property_17_txt_contains_required_metadata
0.01s call     tests/evaluation/test_retry.py::test_property_15_retry_on_rate_limit
0.01s call     tests/evaluation/test_retry.py::test_property_15_sleep_called_between_retries

(98 durations < 0.005s hidden.  Use -vv to show these durations.)
=========================== short test summary info ===========================
FAILED tests/test_rag_components.py::TestParentChildChunker::test_chunk_document_creates_hierarchy
FAILED tests/test_rag_components.py::TestParentChildChunker::test_get_parent_for_child
FAILED tests/test_rag_components.py::TestReranker::test_rerank_returns_original_when_unavailable
FAILED tests/test_rag_components.py::TestReranker::test_rerank_respects_top_k
FAILED tests/test_system.py::TestImports::test_config_imports - pydantic_core...
FAILED tests/test_system.py::TestImports::test_rag_service_imports - pydantic...
FAILED tests/test_system.py::TestImports::test_visualization_imports - pydant...
FAILED tests/test_system.py::TestVisualizationAgent::test_initialization - py...
FAILED tests/test_system.py::TestVisualizationAgent::test_get_performance_stats
FAILED tests/test_system.py::TestVisualizationHandler::test_initialization - ...
FAILED tests/test_system.py::TestVisualizationHandler::test_process_empty_response
FAILED tests/test_system.py::TestDatabaseTool::test_tool_imports - pydantic_c...
FAILED tests/test_system.py::TestRAGTool::test_tool_imports - pydantic_core._...
ERROR tests/test_rag_components.py::TestSupabaseVectorStore::test_hybrid_search_calls_rpc
ERROR tests/test_rag_components.py::TestSupabaseVectorStore::test_vector_search_calls_rpc
ERROR tests/test_rag_components.py::TestSupabaseVectorStore::test_get_collection_stats
ERROR tests/test_rag_components.py::TestSupabaseVectorStore::test_delete_by_filename
=================== 13 failed, 27 passed, 4 errors in 5.11s ===================
conda.exe : ERROR conda.cli.main_run:execute(127): `conda run python -m pytest --durations=0
--junitxml=docs/baseline/raw/pytest-junit.xml` failed. (See above for error)
En C:\Users\ferna\anaconda3\shell\condabin\Conda.psm1: 153 Carácter: 17
+ ...             & $Env:CONDA_EXE $Env:_CE_M $Env:_CE_CONDA $Command @Othe ...
+                 ~~~~~~~~~~~~~~~~~~~~~~~~~~~~~~~~~~~~~~~~~~~~~~~~~~~~~~~~~
    + CategoryInfo          : NotSpecified: (ERROR conda.cli...bove for error):String) [], RemoteException
    + FullyQualifiedErrorId : NativeCommandError



EXIT_CODE: 1
ELAPSED_SECONDS: 9.844
